<?xml version="1.0" encoding="UTF-8"?>
<!-- Generated by org.testng.reporters.JUnitReportReporter -->
<testsuite hostname="LAPTOP-K8RE9END" failures="0" tests="4" name="day43.AllAnnotations" time="0.009" errors="0" timestamp="2024-10-04T14:36:10 IST" skipped="0">
  <testcase classname="day43.AllAnnotations" name="t1" time="0.004"/>
  <system-out/>
  <testcase classname="day43.AllAnnotations" name="t1" time="0.002"/>
  <system-out/>
  <testcase classname="day43.AllAnnotations" name="t2" time="0.002"/>
  <system-out/>
  <testcase classname="day43.AllAnnotations" name="t2" time="0.001"/>
  <system-out/>
</testsuite> <!-- day43.AllAnnotations -->
