<?xml version="1.0" encoding="UTF-8"?>
<!-- Generated by org.testng.reporters.JUnitReportReporter -->
<testsuite hostname="LAPTOP-K8RE9END" failures="0" tests="2" name="day43.TestNGAnnotationsDemo" time="0.006" errors="0" timestamp="2024-10-04T14:25:30 IST" skipped="0">
  <testcase classname="day43.TestNGAnnotationsDemo" name="search" time="0.005"/>
  <system-out/>
  <testcase classname="day43.TestNGAnnotationsDemo" name="advanceSearch" time="0.001"/>
  <system-out/>
</testsuite> <!-- day43.TestNGAnnotationsDemo -->
